2010/11/26 10:34:10 INFO  - jmeter.util.JMeterUtils: Setting Locale to sv_SE 
2010/11/26 10:34:10 ERROR - jmeter.util.JMeterUtils: Could not find resources for 'sv_SE' 
2010/11/26 10:34:10 INFO  - jmeter.JMeter: Loading user properties from: C:\Users\mikael.andersson\Desktop\jakarta-jmeter-2.4\bin\user.properties 
2010/11/26 10:34:10 INFO  - jmeter.JMeter: Loading system properties from: C:\Users\mikael.andersson\Desktop\jakarta-jmeter-2.4\tests\system.properties 
2010/11/26 10:34:10 INFO  - jmeter.JMeter: Copyright (c) 1998-2010 The Apache Software Foundation 
2010/11/26 10:34:10 INFO  - jmeter.JMeter: Version 2.4 r961953 
2010/11/26 10:34:10 INFO  - jmeter.JMeter: java.version=1.6.0_20 
2010/11/26 10:34:10 INFO  - jmeter.JMeter: java.vm.name=Java HotSpot(TM) Client VM 
2010/11/26 10:34:10 INFO  - jmeter.JMeter: os.name=Windows 7 
2010/11/26 10:34:10 INFO  - jmeter.JMeter: os.arch=x86 
2010/11/26 10:34:10 INFO  - jmeter.JMeter: os.version=6.1 
2010/11/26 10:34:10 INFO  - jmeter.JMeter: file.encoding=Cp1252 
2010/11/26 10:34:10 INFO  - jmeter.JMeter: Default Locale=svenska (Sverige) 
2010/11/26 10:34:10 INFO  - jmeter.JMeter: JMeter  Locale=svenska (Sverige) 
2010/11/26 10:34:10 INFO  - jmeter.JMeter: JMeterHome=C:\Users\mikael.andersson\Desktop\jakarta-jmeter-2.4 
2010/11/26 10:34:10 INFO  - jmeter.JMeter: user.dir  =C:\Users\mikael.andersson\Desktop\jakarta-jmeter-2.4\bin 
2010/11/26 10:34:10 INFO  - jmeter.JMeter: PWD       =C:\Users\mikael.andersson\Desktop\jakarta-jmeter-2.4\bin 
2010/11/26 10:34:10 INFO  - jmeter.JMeter: IP: 10.19.210.70 Name: MMALT216 FullName: MMALT216.global.ad 
2010/11/26 10:34:10 INFO  - jmeter.JMeter: Loaded icon properties from org/apache/jmeter/images/icon.properties 
2010/11/26 10:34:12 INFO  - jmeter.engine.util.CompoundVariable: Note: Function class names must contain the string: '.functions.' 
2010/11/26 10:34:12 INFO  - jmeter.engine.util.CompoundVariable: Note: Function class names must not contain the string: '.gui.' 
2010/11/26 10:34:13 ERROR - jmeter.gui.action.Help: Couldn't load help file java.io.FileNotFoundException: C:\Users\mikael.andersson\Desktop\jakarta-jmeter-2.4\printable_docs\usermanual\component_reference.html (The system cannot find the path specified) 
2010/11/26 10:34:13 INFO  - jmeter.util.BSFTestElement: Registering JMeter version of JavaScript engine as work-round for BSF-22 
2010/11/26 10:34:14 INFO  - jmeter.protocol.http.sampler.HTTPSamplerBase: Cannot find .className property for htmlParser, using default 
2010/11/26 10:34:14 INFO  - jmeter.protocol.http.sampler.HTTPSamplerBase: Parser for text/html is  
2010/11/26 10:34:14 INFO  - jmeter.protocol.http.sampler.HTTPSamplerBase: Parser for application/xhtml+xml is  
2010/11/26 10:34:14 INFO  - jmeter.protocol.http.sampler.HTTPSamplerBase: Parser for application/xml is  
2010/11/26 10:34:14 INFO  - jmeter.protocol.http.sampler.HTTPSamplerBase: Parser for text/xml is  
2010/11/26 10:34:14 INFO  - jmeter.protocol.http.sampler.HTTPSamplerBase: Parser for text/vnd.wap.wml is org.apache.jmeter.protocol.http.parser.RegexpHTMLParser 
2010/11/26 10:34:14 INFO  - jmeter.gui.util.MenuFactory: Skipping org.apache.jmeter.protocol.http.modifier.gui.ParamModifierGui 
2010/11/26 10:34:14 INFO  - jmeter.gui.util.MenuFactory: Skipping org.apache.jmeter.protocol.http.modifier.gui.UserParameterModifierGui 
2010/11/26 10:34:14 INFO  - jmeter.protocol.http.sampler.HTTPSampler: Maximum connection retries = 10 
2010/11/26 10:34:15 INFO  - jmeter.samplers.SampleResult: Note: Sample TimeStamps are START times 
2010/11/26 10:34:15 INFO  - jmeter.samplers.SampleResult: sampleresult.default.encoding is set to ISO-8859-1 
2010/11/26 10:34:28 INFO  - jmeter.services.FileServer: Default base=C:\Users\mikael.andersson\Desktop\jakarta-jmeter-2.4\bin 
2010/11/26 10:34:28 INFO  - jmeter.gui.action.Load: Loading file: C:\Users\mikael.andersson\Desktop\jakarta-jmeter-2.4\tests\loadtests\LoadTest-App.jmx 
2010/11/26 10:34:28 INFO  - jmeter.services.FileServer: Set new base=C:\Users\mikael.andersson\Desktop\jakarta-jmeter-2.4\tests\loadtests 
2010/11/26 10:34:29 INFO  - jmeter.save.SaveService: Testplan (JMX) version: 2.2. Testlog (JTL) version: 2.2 
2010/11/26 10:34:29 INFO  - jmeter.save.SaveService: Using SaveService properties file encoding UTF-8 
2010/11/26 10:34:29 INFO  - jmeter.save.SaveService: Using SaveService properties file version 959116 
2010/11/26 10:34:29 INFO  - jmeter.save.SaveService: Using SaveService properties version 2.1 
2010/11/26 10:34:29 INFO  - jmeter.save.SaveService: All converter versions present and correct 
2010/11/26 10:34:29 ERROR - jmeter.util.NameUpdater: Could not find upgrade file:  java.io.FileNotFoundException: C:\Users\mikael.andersson\Desktop\jakarta-jmeter-2.4\src\test\jmeter\upgrade.properties (The system cannot find the path specified)
	at java.io.FileInputStream.open(Native Method)
	at java.io.FileInputStream.<init>(Unknown Source)
	at org.apache.jmeter.util.NameUpdater.<clinit>(NameUpdater.java:47)
	at org.apache.jmeter.gui.tree.JMeterTreeModel.addComponent(JMeterTreeModel.java:124)
	at org.apache.jmeter.gui.tree.JMeterTreeModel.addSubTree(JMeterTreeModel.java:114)
	at org.apache.jmeter.gui.tree.JMeterTreeModel.addSubTree(JMeterTreeModel.java:106)
	at org.apache.jmeter.gui.GuiPackage.addSubTree(GuiPackage.java:448)
	at org.apache.jmeter.gui.action.Load.insertLoadedTree(Load.java:175)
	at org.apache.jmeter.gui.action.Load.loadProjectFile(Load.java:108)
	at org.apache.jmeter.gui.action.Load.doAction(Load.java:89)
	at org.apache.jmeter.gui.action.ActionRouter.performAction(ActionRouter.java:82)
	at org.apache.jmeter.gui.action.ActionRouter.access$000(ActionRouter.java:42)
	at org.apache.jmeter.gui.action.ActionRouter$1.run(ActionRouter.java:61)
	at java.awt.event.InvocationEvent.dispatch(Unknown Source)
	at java.awt.EventQueue.dispatchEvent(Unknown Source)
	at java.awt.EventDispatchThread.pumpOneEventForFilters(Unknown Source)
	at java.awt.EventDispatchThread.pumpEventsForFilter(Unknown Source)
	at java.awt.EventDispatchThread.pumpEventsForHierarchy(Unknown Source)
	at java.awt.EventDispatchThread.pumpEvents(Unknown Source)
	at java.awt.EventDispatchThread.pumpEvents(Unknown Source)
	at java.awt.EventDispatchThread.run(Unknown Source)

2010/11/26 10:34:29 INFO  - jmeter.services.FileServer: Set new base=C:\Users\mikael.andersson\Desktop\jakarta-jmeter-2.4\tests\loadtests 
2010/11/26 10:34:42 INFO  - jmeter.engine.StandardJMeterEngine: Listeners will be started after enabling running version 
2010/11/26 10:34:42 INFO  - jmeter.engine.StandardJMeterEngine: To revert to the earlier behaviour, define jmeterengine.startlistenerslater=false 
2010/11/26 10:34:42 INFO  - jmeter.engine.StandardJMeterEngine: Running the test! 
2010/11/26 10:34:42 INFO  - jmeter.functions.StringFromFile: setParameters(../tests/pages_app.dat) 
2010/11/26 10:34:42 INFO  - jmeter.functions.StringFromFile: setParameters(../tests/pages_app.dat) 
2010/11/26 10:34:42 INFO  - jmeter.functions.StringFromFile: setParameters(../tests/pages_app.dat) 
2010/11/26 10:34:42 INFO  - jmeter.functions.StringFromFile: setParameters(../tests/pages_app.dat) 
2010/11/26 10:34:42 INFO  - jmeter.functions.StringFromFile: setParameters(../tests/pages_app.dat) 
2010/11/26 10:34:42 INFO  - jmeter.functions.StringFromFile: setParameters(../tests/pages_app.dat) 
2010/11/26 10:34:42 INFO  - jmeter.gui.util.JMeterMenuBar: setRunning(true,*local*) 
2010/11/26 10:34:42 INFO  - jmeter.engine.StandardJMeterEngine: Starting 1 threads for group 1 User. 
2010/11/26 10:34:42 INFO  - jmeter.engine.StandardJMeterEngine: Thread will continue on error 
2010/11/26 10:34:42 INFO  - jmeter.threads.JMeterThread: jmeterthread.startearlier=true (see jmeter.properties) 
2010/11/26 10:34:42 INFO  - jmeter.threads.JMeterThread: Running PostProcessors in forward order 
2010/11/26 10:34:42 INFO  - jmeter.engine.StandardJMeterEngine: Waiting for thread group: 1 User to finish before starting next group 
2010/11/26 10:34:42 INFO  - jmeter.threads.JMeterThread: Thread started: 1 User 1-1 
2010/11/26 10:34:42 INFO  - jmeter.functions.StringFromFile: 1 User 1-1 opening file ../tests/pages_app.dat 
2010/11/26 10:34:49 INFO  - jmeter.gui.action.Start: Stopping test 
2010/11/26 10:34:49 INFO  - jmeter.threads.JMeterThread: Stopping: 1 User 1-1 
2010/11/26 10:34:49 WARN  - jmeter.threads.JMeterThread: Interrupting: 1 User 1-1 sampler: 1 user 
2010/11/26 10:34:49 ERROR - jmeter.protocol.http.sampler.HTTPSampler: readResponse: java.net.SocketException: socket closed 
2010/11/26 10:34:49 ERROR - jmeter.protocol.http.sampler.HTTPSampler: Cause: java.net.SocketException: socket closed 
2010/11/26 10:34:49 INFO  - jmeter.threads.JMeterThread: Thread finished: 1 User 1-1 
2010/11/26 10:34:49 INFO  - jmeter.engine.StandardJMeterEngine: Ending thread 1 User 1-1 
2010/11/26 10:34:49 INFO  - jmeter.engine.StandardJMeterEngine: Notifying test listeners of end of test 
2010/11/26 10:34:49 INFO  - jmeter.gui.util.JMeterMenuBar: setRunning(false,*local*) 
2010/11/26 10:34:49 INFO  - jmeter.functions.StringFromFile: Thread-6 closing file ../tests/pages_app.dat 
2010/11/26 10:34:49 INFO  - jmeter.engine.StandardJMeterEngine: Test has ended 
2010/11/26 10:34:49 INFO  - jmeter.engine.StandardJMeterEngine: Test stopped - no more threads will be started 
2010/11/26 10:34:57 INFO  - jmeter.engine.StandardJMeterEngine: Running the test! 
2010/11/26 10:34:57 INFO  - jmeter.functions.StringFromFile: setParameters(../tests/pages_app.dat) 
2010/11/26 10:34:57 INFO  - jmeter.functions.StringFromFile: setParameters(../tests/pages_app.dat) 
2010/11/26 10:34:57 INFO  - jmeter.functions.StringFromFile: setParameters(../tests/pages_app.dat) 
2010/11/26 10:34:57 INFO  - jmeter.functions.StringFromFile: setParameters(../tests/pages_app.dat) 
2010/11/26 10:34:57 INFO  - jmeter.functions.StringFromFile: setParameters(../tests/pages_app.dat) 
2010/11/26 10:34:57 INFO  - jmeter.functions.StringFromFile: setParameters(../tests/pages_app.dat) 
2010/11/26 10:34:57 INFO  - jmeter.gui.util.JMeterMenuBar: setRunning(true,*local*) 
2010/11/26 10:34:57 INFO  - jmeter.engine.StandardJMeterEngine: Starting 1 threads for group 1 User. 
2010/11/26 10:34:57 INFO  - jmeter.engine.StandardJMeterEngine: Thread will continue on error 
2010/11/26 10:34:57 INFO  - jmeter.engine.StandardJMeterEngine: Waiting for thread group: 1 User to finish before starting next group 
2010/11/26 10:34:57 INFO  - jmeter.threads.JMeterThread: Thread started: 1 User 1-1 
2010/11/26 10:34:57 INFO  - jmeter.functions.StringFromFile: 1 User 1-1 opening file ../tests/pages_app.dat 
2010/11/26 10:35:06 INFO  - jmeter.functions.StringFromFile: 1 User 1-1 EOF on  file ../tests/pages_app.dat 
2010/11/26 10:35:06 INFO  - jmeter.functions.StringFromFile: 1 User 1-1 closing file ../tests/pages_app.dat 
2010/11/26 10:35:06 INFO  - jmeter.functions.StringFromFile: 1 User 1-1 opening file ../tests/pages_app.dat 
2010/11/26 10:35:14 INFO  - jmeter.functions.StringFromFile: 1 User 1-1 EOF on  file ../tests/pages_app.dat 
2010/11/26 10:35:14 INFO  - jmeter.functions.StringFromFile: 1 User 1-1 closing file ../tests/pages_app.dat 
2010/11/26 10:35:14 INFO  - jmeter.functions.StringFromFile: 1 User 1-1 opening file ../tests/pages_app.dat 
2010/11/26 10:35:23 INFO  - jmeter.functions.StringFromFile: 1 User 1-1 EOF on  file ../tests/pages_app.dat 
2010/11/26 10:35:23 INFO  - jmeter.functions.StringFromFile: 1 User 1-1 closing file ../tests/pages_app.dat 
2010/11/26 10:35:23 INFO  - jmeter.functions.StringFromFile: 1 User 1-1 opening file ../tests/pages_app.dat 
2010/11/26 10:35:31 INFO  - jmeter.functions.StringFromFile: 1 User 1-1 EOF on  file ../tests/pages_app.dat 
2010/11/26 10:35:31 INFO  - jmeter.functions.StringFromFile: 1 User 1-1 closing file ../tests/pages_app.dat 
2010/11/26 10:35:31 INFO  - jmeter.functions.StringFromFile: 1 User 1-1 opening file ../tests/pages_app.dat 
2010/11/26 10:35:39 INFO  - jmeter.functions.StringFromFile: 1 User 1-1 EOF on  file ../tests/pages_app.dat 
2010/11/26 10:35:39 INFO  - jmeter.functions.StringFromFile: 1 User 1-1 closing file ../tests/pages_app.dat 
2010/11/26 10:35:39 INFO  - jmeter.functions.StringFromFile: 1 User 1-1 opening file ../tests/pages_app.dat 
2010/11/26 10:35:43 INFO  - jmeter.threads.JMeterThread: Thread finished: 1 User 1-1 
2010/11/26 10:35:43 INFO  - jmeter.engine.StandardJMeterEngine: Ending thread 1 User 1-1 
2010/11/26 10:35:43 INFO  - jmeter.engine.StandardJMeterEngine: Starting 10 threads for group 10 Users. 
2010/11/26 10:35:43 INFO  - jmeter.engine.StandardJMeterEngine: Thread will continue on error 
2010/11/26 10:35:43 INFO  - jmeter.threads.JMeterThread: Thread started: 10 Users 2-1 
2010/11/26 10:35:43 INFO  - jmeter.functions.StringFromFile: 10 Users 2-1 opening file ../tests/pages_app.dat 
2010/11/26 10:35:43 INFO  - jmeter.engine.StandardJMeterEngine: Waiting for thread group: 10 Users to finish before starting next group 
2010/11/26 10:35:45 INFO  - jmeter.threads.JMeterThread: Thread started: 10 Users 2-2 
2010/11/26 10:35:47 INFO  - jmeter.threads.JMeterThread: Thread started: 10 Users 2-3 
2010/11/26 10:35:48 INFO  - jmeter.functions.StringFromFile: 10 Users 2-2 EOF on  file ../tests/pages_app.dat 
2010/11/26 10:35:48 INFO  - jmeter.functions.StringFromFile: 10 Users 2-2 closing file ../tests/pages_app.dat 
2010/11/26 10:35:48 INFO  - jmeter.functions.StringFromFile: 10 Users 2-2 opening file ../tests/pages_app.dat 
2010/11/26 10:35:49 INFO  - jmeter.threads.JMeterThread: Thread started: 10 Users 2-4 
2010/11/26 10:35:51 INFO  - jmeter.functions.StringFromFile: 10 Users 2-4 EOF on  file ../tests/pages_app.dat 
2010/11/26 10:35:51 INFO  - jmeter.functions.StringFromFile: 10 Users 2-4 closing file ../tests/pages_app.dat 
2010/11/26 10:35:51 INFO  - jmeter.functions.StringFromFile: 10 Users 2-4 opening file ../tests/pages_app.dat 
2010/11/26 10:35:51 INFO  - jmeter.threads.JMeterThread: Thread started: 10 Users 2-5 
2010/11/26 10:35:53 INFO  - jmeter.threads.JMeterThread: Thread started: 10 Users 2-6 
2010/11/26 10:35:53 INFO  - jmeter.functions.StringFromFile: 10 Users 2-2 EOF on  file ../tests/pages_app.dat 
2010/11/26 10:35:53 INFO  - jmeter.functions.StringFromFile: 10 Users 2-2 closing file ../tests/pages_app.dat 
2010/11/26 10:35:53 INFO  - jmeter.functions.StringFromFile: 10 Users 2-2 opening file ../tests/pages_app.dat 
2010/11/26 10:35:55 INFO  - jmeter.threads.JMeterThread: Thread started: 10 Users 2-7 
2010/11/26 10:35:56 INFO  - jmeter.functions.StringFromFile: 10 Users 2-1 EOF on  file ../tests/pages_app.dat 
2010/11/26 10:35:56 INFO  - jmeter.functions.StringFromFile: 10 Users 2-1 closing file ../tests/pages_app.dat 
2010/11/26 10:35:56 INFO  - jmeter.functions.StringFromFile: 10 Users 2-1 opening file ../tests/pages_app.dat 
2010/11/26 10:35:57 INFO  - jmeter.threads.JMeterThread: Thread started: 10 Users 2-8 
2010/11/26 10:35:58 INFO  - jmeter.functions.StringFromFile: 10 Users 2-5 EOF on  file ../tests/pages_app.dat 
2010/11/26 10:35:58 INFO  - jmeter.functions.StringFromFile: 10 Users 2-5 closing file ../tests/pages_app.dat 
2010/11/26 10:35:58 INFO  - jmeter.functions.StringFromFile: 10 Users 2-5 opening file ../tests/pages_app.dat 
2010/11/26 10:35:59 INFO  - jmeter.threads.JMeterThread: Thread started: 10 Users 2-9 
2010/11/26 10:35:59 INFO  - jmeter.functions.StringFromFile: 10 Users 2-4 EOF on  file ../tests/pages_app.dat 
2010/11/26 10:35:59 INFO  - jmeter.functions.StringFromFile: 10 Users 2-4 closing file ../tests/pages_app.dat 
2010/11/26 10:35:59 INFO  - jmeter.functions.StringFromFile: 10 Users 2-4 opening file ../tests/pages_app.dat 
2010/11/26 10:36:01 INFO  - jmeter.functions.StringFromFile: 10 Users 2-8 EOF on  file ../tests/pages_app.dat 
2010/11/26 10:36:01 INFO  - jmeter.functions.StringFromFile: 10 Users 2-8 closing file ../tests/pages_app.dat 
2010/11/26 10:36:01 INFO  - jmeter.functions.StringFromFile: 10 Users 2-8 opening file ../tests/pages_app.dat 
2010/11/26 10:36:01 INFO  - jmeter.threads.JMeterThread: Thread started: 10 Users 2-10 
2010/11/26 10:36:03 INFO  - jmeter.functions.StringFromFile: 10 Users 2-6 EOF on  file ../tests/pages_app.dat 
2010/11/26 10:36:03 INFO  - jmeter.functions.StringFromFile: 10 Users 2-6 closing file ../tests/pages_app.dat 
2010/11/26 10:36:03 INFO  - jmeter.functions.StringFromFile: 10 Users 2-6 opening file ../tests/pages_app.dat 
2010/11/26 10:36:05 INFO  - jmeter.functions.StringFromFile: 10 Users 2-9 EOF on  file ../tests/pages_app.dat 
2010/11/26 10:36:05 INFO  - jmeter.functions.StringFromFile: 10 Users 2-9 closing file ../tests/pages_app.dat 
2010/11/26 10:36:05 INFO  - jmeter.functions.StringFromFile: 10 Users 2-9 opening file ../tests/pages_app.dat 
2010/11/26 10:36:07 INFO  - jmeter.functions.StringFromFile: 10 Users 2-10 EOF on  file ../tests/pages_app.dat 
2010/11/26 10:36:07 INFO  - jmeter.functions.StringFromFile: 10 Users 2-10 closing file ../tests/pages_app.dat 
2010/11/26 10:36:07 INFO  - jmeter.functions.StringFromFile: 10 Users 2-10 opening file ../tests/pages_app.dat 
2010/11/26 10:36:10 INFO  - jmeter.functions.StringFromFile: 10 Users 2-3 EOF on  file ../tests/pages_app.dat 
2010/11/26 10:36:10 INFO  - jmeter.functions.StringFromFile: 10 Users 2-3 closing file ../tests/pages_app.dat 
2010/11/26 10:36:10 INFO  - jmeter.functions.StringFromFile: 10 Users 2-3 opening file ../tests/pages_app.dat 
2010/11/26 10:36:12 INFO  - jmeter.functions.StringFromFile: 10 Users 2-9 EOF on  file ../tests/pages_app.dat 
2010/11/26 10:36:12 INFO  - jmeter.functions.StringFromFile: 10 Users 2-9 closing file ../tests/pages_app.dat 
2010/11/26 10:36:12 INFO  - jmeter.functions.StringFromFile: 10 Users 2-9 opening file ../tests/pages_app.dat 
2010/11/26 10:36:13 INFO  - jmeter.functions.StringFromFile: 10 Users 2-5 EOF on  file ../tests/pages_app.dat 
2010/11/26 10:36:13 INFO  - jmeter.functions.StringFromFile: 10 Users 2-5 closing file ../tests/pages_app.dat 
2010/11/26 10:36:13 INFO  - jmeter.functions.StringFromFile: 10 Users 2-5 opening file ../tests/pages_app.dat 
2010/11/26 10:36:15 INFO  - jmeter.functions.StringFromFile: 10 Users 2-2 EOF on  file ../tests/pages_app.dat 
2010/11/26 10:36:15 INFO  - jmeter.functions.StringFromFile: 10 Users 2-2 closing file ../tests/pages_app.dat 
2010/11/26 10:36:15 INFO  - jmeter.functions.StringFromFile: 10 Users 2-2 opening file ../tests/pages_app.dat 
2010/11/26 10:36:17 INFO  - jmeter.functions.StringFromFile: 10 Users 2-4 EOF on  file ../tests/pages_app.dat 
2010/11/26 10:36:17 INFO  - jmeter.functions.StringFromFile: 10 Users 2-4 closing file ../tests/pages_app.dat 
2010/11/26 10:36:17 INFO  - jmeter.functions.StringFromFile: 10 Users 2-4 opening file ../tests/pages_app.dat 
2010/11/26 10:36:19 INFO  - jmeter.functions.StringFromFile: 10 Users 2-1 EOF on  file ../tests/pages_app.dat 
2010/11/26 10:36:19 INFO  - jmeter.functions.StringFromFile: 10 Users 2-1 closing file ../tests/pages_app.dat 
2010/11/26 10:36:19 INFO  - jmeter.functions.StringFromFile: 10 Users 2-1 opening file ../tests/pages_app.dat 
2010/11/26 10:36:21 INFO  - jmeter.functions.StringFromFile: 10 Users 2-10 EOF on  file ../tests/pages_app.dat 
2010/11/26 10:36:21 INFO  - jmeter.functions.StringFromFile: 10 Users 2-10 closing file ../tests/pages_app.dat 
2010/11/26 10:36:21 INFO  - jmeter.functions.StringFromFile: 10 Users 2-10 opening file ../tests/pages_app.dat 
2010/11/26 10:36:24 INFO  - jmeter.functions.StringFromFile: 10 Users 2-7 EOF on  file ../tests/pages_app.dat 
2010/11/26 10:36:24 INFO  - jmeter.functions.StringFromFile: 10 Users 2-7 closing file ../tests/pages_app.dat 
2010/11/26 10:36:24 INFO  - jmeter.functions.StringFromFile: 10 Users 2-7 opening file ../tests/pages_app.dat 
2010/11/26 10:36:26 INFO  - jmeter.functions.StringFromFile: 10 Users 2-8 EOF on  file ../tests/pages_app.dat 
2010/11/26 10:36:26 INFO  - jmeter.functions.StringFromFile: 10 Users 2-8 closing file ../tests/pages_app.dat 
2010/11/26 10:36:26 INFO  - jmeter.functions.StringFromFile: 10 Users 2-8 opening file ../tests/pages_app.dat 
2010/11/26 10:36:27 INFO  - jmeter.functions.StringFromFile: 10 Users 2-6 EOF on  file ../tests/pages_app.dat 
2010/11/26 10:36:27 INFO  - jmeter.functions.StringFromFile: 10 Users 2-6 closing file ../tests/pages_app.dat 
2010/11/26 10:36:27 INFO  - jmeter.functions.StringFromFile: 10 Users 2-6 opening file ../tests/pages_app.dat 
2010/11/26 10:36:29 INFO  - jmeter.functions.StringFromFile: 10 Users 2-5 EOF on  file ../tests/pages_app.dat 
2010/11/26 10:36:29 INFO  - jmeter.functions.StringFromFile: 10 Users 2-5 closing file ../tests/pages_app.dat 
2010/11/26 10:36:29 INFO  - jmeter.functions.StringFromFile: 10 Users 2-5 opening file ../tests/pages_app.dat 
2010/11/26 10:36:31 INFO  - jmeter.functions.StringFromFile: 10 Users 2-8 EOF on  file ../tests/pages_app.dat 
2010/11/26 10:36:31 INFO  - jmeter.functions.StringFromFile: 10 Users 2-8 closing file ../tests/pages_app.dat 
2010/11/26 10:36:31 INFO  - jmeter.functions.StringFromFile: 10 Users 2-8 opening file ../tests/pages_app.dat 
2010/11/26 10:36:32 INFO  - jmeter.functions.StringFromFile: 10 Users 2-3 EOF on  file ../tests/pages_app.dat 
2010/11/26 10:36:32 INFO  - jmeter.functions.StringFromFile: 10 Users 2-3 closing file ../tests/pages_app.dat 
2010/11/26 10:36:32 INFO  - jmeter.functions.StringFromFile: 10 Users 2-3 opening file ../tests/pages_app.dat 
2010/11/26 10:36:34 INFO  - jmeter.functions.StringFromFile: 10 Users 2-5 EOF on  file ../tests/pages_app.dat 
2010/11/26 10:36:34 INFO  - jmeter.functions.StringFromFile: 10 Users 2-5 closing file ../tests/pages_app.dat 
2010/11/26 10:36:34 INFO  - jmeter.functions.StringFromFile: 10 Users 2-5 opening file ../tests/pages_app.dat 
2010/11/26 10:36:35 INFO  - jmeter.gui.action.Start: Stopping test 
2010/11/26 10:36:35 INFO  - jmeter.threads.JMeterThread: Stopping: 10 Users 2-10 
2010/11/26 10:36:35 WARN  - jmeter.threads.JMeterThread: Interrupting: 10 Users 2-10 sampler: 10 users 
2010/11/26 10:36:35 INFO  - jmeter.threads.JMeterThread: Stopping: 10 Users 2-9 
2010/11/26 10:36:35 WARN  - jmeter.threads.JMeterThread: Interrupting: 10 Users 2-9 sampler: 10 users 
2010/11/26 10:36:35 ERROR - jmeter.protocol.http.sampler.HTTPSampler: readResponse: java.net.SocketException: socket closed 
2010/11/26 10:36:35 ERROR - jmeter.protocol.http.sampler.HTTPSampler: Cause: java.net.SocketException: socket closed 
2010/11/26 10:36:35 INFO  - jmeter.threads.JMeterThread: Thread finished: 10 Users 2-10 
2010/11/26 10:36:35 INFO  - jmeter.threads.JMeterThread: Stopping: 10 Users 2-3 
2010/11/26 10:36:35 INFO  - jmeter.engine.StandardJMeterEngine: Ending thread 10 Users 2-10 
2010/11/26 10:36:35 ERROR - jmeter.protocol.http.sampler.HTTPSampler: readResponse: java.net.SocketException: socket closed 
2010/11/26 10:36:35 ERROR - jmeter.protocol.http.sampler.HTTPSampler: Cause: java.net.SocketException: socket closed 
2010/11/26 10:36:35 INFO  - jmeter.threads.JMeterThread: Thread finished: 10 Users 2-9 
2010/11/26 10:36:35 INFO  - jmeter.engine.StandardJMeterEngine: Ending thread 10 Users 2-9 
2010/11/26 10:36:35 WARN  - jmeter.threads.JMeterThread: Interrupting: 10 Users 2-3 sampler: 10 users 
2010/11/26 10:36:35 ERROR - jmeter.protocol.http.sampler.HTTPSampler: readResponse: java.net.SocketException: socket closed 
2010/11/26 10:36:35 ERROR - jmeter.protocol.http.sampler.HTTPSampler: Cause: java.net.SocketException: socket closed 
2010/11/26 10:36:35 INFO  - jmeter.threads.JMeterThread: Thread finished: 10 Users 2-3 
2010/11/26 10:36:35 INFO  - jmeter.engine.StandardJMeterEngine: Ending thread 10 Users 2-3 
2010/11/26 10:36:36 INFO  - jmeter.functions.StringFromFile: 10 Users 2-4 EOF on  file ../tests/pages_app.dat 
2010/11/26 10:36:36 INFO  - jmeter.functions.StringFromFile: 10 Users 2-4 closing file ../tests/pages_app.dat 
2010/11/26 10:36:36 INFO  - jmeter.functions.StringFromFile: 10 Users 2-4 opening file ../tests/pages_app.dat 
2010/11/26 10:36:36 INFO  - jmeter.engine.StandardJMeterEngine: Test stopped - no more threads will be started 
2010/11/26 10:36:39 INFO  - jmeter.functions.StringFromFile: 10 Users 2-2 EOF on  file ../tests/pages_app.dat 
2010/11/26 10:36:39 INFO  - jmeter.functions.StringFromFile: 10 Users 2-2 closing file ../tests/pages_app.dat 
2010/11/26 10:36:39 INFO  - jmeter.functions.StringFromFile: 10 Users 2-2 opening file ../tests/pages_app.dat 
2010/11/26 10:36:41 INFO  - jmeter.functions.StringFromFile: 10 Users 2-5 EOF on  file ../tests/pages_app.dat 
2010/11/26 10:36:41 INFO  - jmeter.functions.StringFromFile: 10 Users 2-5 closing file ../tests/pages_app.dat 
2010/11/26 10:36:41 INFO  - jmeter.functions.StringFromFile: 10 Users 2-5 opening file ../tests/pages_app.dat 
2010/11/26 10:36:44 INFO  - jmeter.functions.StringFromFile: 10 Users 2-6 EOF on  file ../tests/pages_app.dat 
2010/11/26 10:36:44 INFO  - jmeter.functions.StringFromFile: 10 Users 2-6 closing file ../tests/pages_app.dat 
2010/11/26 10:36:44 INFO  - jmeter.functions.StringFromFile: 10 Users 2-6 opening file ../tests/pages_app.dat 
2010/11/26 10:36:47 INFO  - jmeter.functions.StringFromFile: 10 Users 2-1 EOF on  file ../tests/pages_app.dat 
2010/11/26 10:36:47 INFO  - jmeter.functions.StringFromFile: 10 Users 2-1 closing file ../tests/pages_app.dat 
2010/11/26 10:36:47 INFO  - jmeter.functions.StringFromFile: 10 Users 2-1 opening file ../tests/pages_app.dat 
2010/11/26 10:36:49 INFO  - jmeter.functions.StringFromFile: 10 Users 2-2 EOF on  file ../tests/pages_app.dat 
2010/11/26 10:36:49 INFO  - jmeter.functions.StringFromFile: 10 Users 2-2 closing file ../tests/pages_app.dat 
2010/11/26 10:36:49 INFO  - jmeter.functions.StringFromFile: 10 Users 2-2 opening file ../tests/pages_app.dat 
2010/11/26 10:36:51 INFO  - jmeter.functions.StringFromFile: 10 Users 2-8 EOF on  file ../tests/pages_app.dat 
2010/11/26 10:36:51 INFO  - jmeter.functions.StringFromFile: 10 Users 2-8 closing file ../tests/pages_app.dat 
2010/11/26 10:36:51 INFO  - jmeter.functions.StringFromFile: 10 Users 2-8 opening file ../tests/pages_app.dat 
2010/11/26 10:36:54 INFO  - jmeter.functions.StringFromFile: 10 Users 2-1 EOF on  file ../tests/pages_app.dat 
2010/11/26 10:36:54 INFO  - jmeter.functions.StringFromFile: 10 Users 2-1 closing file ../tests/pages_app.dat 
2010/11/26 10:36:54 INFO  - jmeter.functions.StringFromFile: 10 Users 2-1 opening file ../tests/pages_app.dat 
2010/11/26 10:36:56 INFO  - jmeter.functions.StringFromFile: 10 Users 2-5 EOF on  file ../tests/pages_app.dat 
2010/11/26 10:36:56 INFO  - jmeter.functions.StringFromFile: 10 Users 2-5 closing file ../tests/pages_app.dat 
2010/11/26 10:36:56 INFO  - jmeter.functions.StringFromFile: 10 Users 2-5 opening file ../tests/pages_app.dat 
2010/11/26 10:36:58 INFO  - jmeter.functions.StringFromFile: 10 Users 2-8 EOF on  file ../tests/pages_app.dat 
2010/11/26 10:36:58 INFO  - jmeter.functions.StringFromFile: 10 Users 2-8 closing file ../tests/pages_app.dat 
2010/11/26 10:36:58 INFO  - jmeter.functions.StringFromFile: 10 Users 2-8 opening file ../tests/pages_app.dat 
2010/11/26 10:37:00 INFO  - jmeter.functions.StringFromFile: 10 Users 2-6 EOF on  file ../tests/pages_app.dat 
2010/11/26 10:37:00 INFO  - jmeter.functions.StringFromFile: 10 Users 2-6 closing file ../tests/pages_app.dat 
2010/11/26 10:37:00 INFO  - jmeter.functions.StringFromFile: 10 Users 2-6 opening file ../tests/pages_app.dat 
2010/11/26 10:37:02 INFO  - jmeter.functions.StringFromFile: 10 Users 2-8 EOF on  file ../tests/pages_app.dat 
2010/11/26 10:37:02 INFO  - jmeter.functions.StringFromFile: 10 Users 2-8 closing file ../tests/pages_app.dat 
2010/11/26 10:37:02 INFO  - jmeter.functions.StringFromFile: 10 Users 2-8 opening file ../tests/pages_app.dat 
2010/11/26 10:37:04 INFO  - jmeter.functions.StringFromFile: 10 Users 2-5 EOF on  file ../tests/pages_app.dat 
2010/11/26 10:37:04 INFO  - jmeter.functions.StringFromFile: 10 Users 2-5 closing file ../tests/pages_app.dat 
2010/11/26 10:37:04 INFO  - jmeter.functions.StringFromFile: 10 Users 2-5 opening file ../tests/pages_app.dat 
2010/11/26 10:37:06 INFO  - jmeter.functions.StringFromFile: 10 Users 2-2 EOF on  file ../tests/pages_app.dat 
2010/11/26 10:37:06 INFO  - jmeter.functions.StringFromFile: 10 Users 2-2 closing file ../tests/pages_app.dat 
2010/11/26 10:37:06 INFO  - jmeter.functions.StringFromFile: 10 Users 2-2 opening file ../tests/pages_app.dat 
2010/11/26 10:37:08 INFO  - jmeter.functions.StringFromFile: 10 Users 2-1 EOF on  file ../tests/pages_app.dat 
2010/11/26 10:37:08 INFO  - jmeter.functions.StringFromFile: 10 Users 2-1 closing file ../tests/pages_app.dat 
2010/11/26 10:37:08 INFO  - jmeter.functions.StringFromFile: 10 Users 2-1 opening file ../tests/pages_app.dat 
2010/11/26 10:37:09 INFO  - jmeter.threads.JMeterThread: Thread finished: 10 Users 2-4 
2010/11/26 10:37:09 INFO  - jmeter.engine.StandardJMeterEngine: Ending thread 10 Users 2-4 
2010/11/26 10:37:13 INFO  - jmeter.functions.StringFromFile: 10 Users 2-2 EOF on  file ../tests/pages_app.dat 
2010/11/26 10:37:13 INFO  - jmeter.functions.StringFromFile: 10 Users 2-2 closing file ../tests/pages_app.dat 
2010/11/26 10:37:13 INFO  - jmeter.functions.StringFromFile: 10 Users 2-2 opening file ../tests/pages_app.dat 
2010/11/26 10:37:16 INFO  - jmeter.functions.StringFromFile: 10 Users 2-7 EOF on  file ../tests/pages_app.dat 
2010/11/26 10:37:16 INFO  - jmeter.functions.StringFromFile: 10 Users 2-7 closing file ../tests/pages_app.dat 
2010/11/26 10:37:16 INFO  - jmeter.functions.StringFromFile: 10 Users 2-7 opening file ../tests/pages_app.dat 
2010/11/26 10:37:17 INFO  - jmeter.threads.JMeterThread: Thread finished: 10 Users 2-1 
2010/11/26 10:37:17 INFO  - jmeter.engine.StandardJMeterEngine: Ending thread 10 Users 2-1 
2010/11/26 10:37:17 INFO  - jmeter.threads.JMeterThread: Thread finished: 10 Users 2-2 
2010/11/26 10:37:17 INFO  - jmeter.engine.StandardJMeterEngine: Ending thread 10 Users 2-2 
2010/11/26 10:37:18 INFO  - jmeter.threads.JMeterThread: Thread finished: 10 Users 2-6 
2010/11/26 10:37:18 INFO  - jmeter.engine.StandardJMeterEngine: Ending thread 10 Users 2-6 
2010/11/26 10:37:19 INFO  - jmeter.threads.JMeterThread: Thread finished: 10 Users 2-7 
2010/11/26 10:37:19 INFO  - jmeter.engine.StandardJMeterEngine: Ending thread 10 Users 2-7 
2010/11/26 10:37:19 INFO  - jmeter.functions.StringFromFile: 10 Users 2-8 EOF on  file ../tests/pages_app.dat 
2010/11/26 10:37:19 INFO  - jmeter.functions.StringFromFile: 10 Users 2-8 closing file ../tests/pages_app.dat 
2010/11/26 10:37:19 INFO  - jmeter.functions.StringFromFile: 10 Users 2-8 opening file ../tests/pages_app.dat 
2010/11/26 10:37:22 INFO  - jmeter.threads.JMeterThread: Thread finished: 10 Users 2-8 
2010/11/26 10:37:22 INFO  - jmeter.engine.StandardJMeterEngine: Ending thread 10 Users 2-8 
2010/11/26 10:37:24 INFO  - jmeter.functions.StringFromFile: 10 Users 2-5 EOF on  file ../tests/pages_app.dat 
2010/11/26 10:37:24 INFO  - jmeter.functions.StringFromFile: 10 Users 2-5 closing file ../tests/pages_app.dat 
2010/11/26 10:37:24 INFO  - jmeter.functions.StringFromFile: 10 Users 2-5 opening file ../tests/pages_app.dat 
2010/11/26 10:37:28 INFO  - jmeter.threads.JMeterThread: Thread finished: 10 Users 2-5 
2010/11/26 10:37:28 INFO  - jmeter.engine.StandardJMeterEngine: Ending thread 10 Users 2-5 
2010/11/26 10:37:28 INFO  - jmeter.engine.StandardJMeterEngine: Stopping test 
2010/11/26 10:37:28 INFO  - jmeter.engine.StandardJMeterEngine: Notifying test listeners of end of test 
2010/11/26 10:37:28 INFO  - jmeter.gui.util.JMeterMenuBar: setRunning(false,*local*) 
2010/11/26 10:37:28 INFO  - jmeter.functions.StringFromFile: Thread-20 closing file ../tests/pages_app.dat 
2010/11/26 10:37:28 INFO  - jmeter.functions.StringFromFile: Thread-20 closing file ../tests/pages_app.dat 
2010/11/26 10:37:28 INFO  - jmeter.engine.StandardJMeterEngine: Test has ended 
